<?xml version="1.0" encoding="UTF-8"?>
<testsuite xmlns:xsi="http://www.w3.org/2001/XMLSchema-instance" xsi:noNamespaceSchemaLocation="https://maven.apache.org/surefire/maven-surefire-plugin/xsd/surefire-test-report.xsd" name="cn.itcast.hotel.HotelDemoApplicationTests" time="3.117" tests="1" errors="0" skipped="0" failures="0">
  <properties>
    <property name="java.specification.version" value="17"/>
    <property name="sun.cpu.isalist" value="amd64"/>
    <property name="sun.jnu.encoding" value="GBK"/>
    <property name="java.class.path" value="E:\springcloud\day05-Elasticsearch01\资料\hotel-demo\target\test-classes;E:\springcloud\day05-Elasticsearch01\资料\hotel-demo\target\classes;E:\apache-maven-3.9.6\mvn_repo\org\springframework\boot\spring-boot-starter-web\2.3.10.RELEASE\spring-boot-starter-web-2.3.10.RELEASE.jar;E:\apache-maven-3.9.6\mvn_repo\org\springframework\boot\spring-boot-starter\2.3.10.RELEASE\spring-boot-starter-2.3.10.RELEASE.jar;E:\apache-maven-3.9.6\mvn_repo\org\springframework\boot\spring-boot\2.3.10.RELEASE\spring-boot-2.3.10.RELEASE.jar;E:\apache-maven-3.9.6\mvn_repo\org\springframework\boot\spring-boot-starter-logging\2.3.10.RELEASE\spring-boot-starter-logging-2.3.10.RELEASE.jar;E:\apache-maven-3.9.6\mvn_repo\ch\qos\logback\logback-classic\1.2.3\logback-classic-1.2.3.jar;E:\apache-maven-3.9.6\mvn_repo\ch\qos\logback\logback-core\1.2.3\logback-core-1.2.3.jar;E:\apache-maven-3.9.6\mvn_repo\org\apache\logging\log4j\log4j-to-slf4j\2.13.3\log4j-to-slf4j-2.13.3.jar;E:\apache-maven-3.9.6\mvn_repo\org\slf4j\jul-to-slf4j\1.7.30\jul-to-slf4j-1.7.30.jar;E:\apache-maven-3.9.6\mvn_repo\jakarta\annotation\jakarta.annotation-api\1.3.5\jakarta.annotation-api-1.3.5.jar;E:\apache-maven-3.9.6\mvn_repo\org\yaml\snakeyaml\1.26\snakeyaml-1.26.jar;E:\apache-maven-3.9.6\mvn_repo\org\springframework\boot\spring-boot-starter-json\2.3.10.RELEASE\spring-boot-starter-json-2.3.10.RELEASE.jar;E:\apache-maven-3.9.6\mvn_repo\com\fasterxml\jackson\core\jackson-databind\2.11.4\jackson-databind-2.11.4.jar;E:\apache-maven-3.9.6\mvn_repo\com\fasterxml\jackson\core\jackson-annotations\2.11.4\jackson-annotations-2.11.4.jar;E:\apache-maven-3.9.6\mvn_repo\com\fasterxml\jackson\core\jackson-core\2.11.4\jackson-core-2.11.4.jar;E:\apache-maven-3.9.6\mvn_repo\com\fasterxml\jackson\datatype\jackson-datatype-jdk8\2.11.4\jackson-datatype-jdk8-2.11.4.jar;E:\apache-maven-3.9.6\mvn_repo\com\fasterxml\jackson\datatype\jackson-datatype-jsr310\2.11.4\jackson-datatype-jsr310-2.11.4.jar;E:\apache-maven-3.9.6\mvn_repo\com\fasterxml\jackson\module\jackson-module-parameter-names\2.11.4\jackson-module-parameter-names-2.11.4.jar;E:\apache-maven-3.9.6\mvn_repo\org\springframework\boot\spring-boot-starter-tomcat\2.3.10.RELEASE\spring-boot-starter-tomcat-2.3.10.RELEASE.jar;E:\apache-maven-3.9.6\mvn_repo\org\apache\tomcat\embed\tomcat-embed-core\9.0.45\tomcat-embed-core-9.0.45.jar;E:\apache-maven-3.9.6\mvn_repo\org\glassfish\jakarta.el\3.0.3\jakarta.el-3.0.3.jar;E:\apache-maven-3.9.6\mvn_repo\org\apache\tomcat\embed\tomcat-embed-websocket\9.0.45\tomcat-embed-websocket-9.0.45.jar;E:\apache-maven-3.9.6\mvn_repo\org\springframework\spring-web\5.2.14.RELEASE\spring-web-5.2.14.RELEASE.jar;E:\apache-maven-3.9.6\mvn_repo\org\springframework\spring-beans\5.2.14.RELEASE\spring-beans-5.2.14.RELEASE.jar;E:\apache-maven-3.9.6\mvn_repo\org\springframework\spring-webmvc\5.2.14.RELEASE\spring-webmvc-5.2.14.RELEASE.jar;E:\apache-maven-3.9.6\mvn_repo\org\springframework\spring-aop\5.2.14.RELEASE\spring-aop-5.2.14.RELEASE.jar;E:\apache-maven-3.9.6\mvn_repo\org\springframework\spring-context\5.2.14.RELEASE\spring-context-5.2.14.RELEASE.jar;E:\apache-maven-3.9.6\mvn_repo\org\springframework\spring-expression\5.2.14.RELEASE\spring-expression-5.2.14.RELEASE.jar;E:\apache-maven-3.9.6\mvn_repo\com\baomidou\mybatis-plus-boot-starter\3.4.2\mybatis-plus-boot-starter-3.4.2.jar;E:\apache-maven-3.9.6\mvn_repo\com\baomidou\mybatis-plus\3.4.2\mybatis-plus-3.4.2.jar;E:\apache-maven-3.9.6\mvn_repo\com\baomidou\mybatis-plus-extension\3.4.2\mybatis-plus-extension-3.4.2.jar;E:\apache-maven-3.9.6\mvn_repo\com\baomidou\mybatis-plus-core\3.4.2\mybatis-plus-core-3.4.2.jar;E:\apache-maven-3.9.6\mvn_repo\com\baomidou\mybatis-plus-annotation\3.4.2\mybatis-plus-annotation-3.4.2.jar;E:\apache-maven-3.9.6\mvn_repo\com\github\jsqlparser\jsqlparser\4.0\jsqlparser-4.0.jar;E:\apache-maven-3.9.6\mvn_repo\org\mybatis\mybatis\3.5.6\mybatis-3.5.6.jar;E:\apache-maven-3.9.6\mvn_repo\org\mybatis\mybatis-spring\2.0.5\mybatis-spring-2.0.5.jar;E:\apache-maven-3.9.6\mvn_repo\org\springframework\boot\spring-boot-autoconfigure\2.3.10.RELEASE\spring-boot-autoconfigure-2.3.10.RELEASE.jar;E:\apache-maven-3.9.6\mvn_repo\org\springframework\boot\spring-boot-starter-jdbc\2.3.10.RELEASE\spring-boot-starter-jdbc-2.3.10.RELEASE.jar;E:\apache-maven-3.9.6\mvn_repo\com\zaxxer\HikariCP\3.4.5\HikariCP-3.4.5.jar;E:\apache-maven-3.9.6\mvn_repo\org\springframework\spring-jdbc\5.2.14.RELEASE\spring-jdbc-5.2.14.RELEASE.jar;E:\apache-maven-3.9.6\mvn_repo\org\springframework\spring-tx\5.2.14.RELEASE\spring-tx-5.2.14.RELEASE.jar;E:\apache-maven-3.9.6\mvn_repo\mysql\mysql-connector-java\8.0.23\mysql-connector-java-8.0.23.jar;E:\apache-maven-3.9.6\mvn_repo\org\projectlombok\lombok\1.18.20\lombok-1.18.20.jar;E:\apache-maven-3.9.6\mvn_repo\org\springframework\boot\spring-boot-starter-test\2.3.10.RELEASE\spring-boot-starter-test-2.3.10.RELEASE.jar;E:\apache-maven-3.9.6\mvn_repo\org\springframework\boot\spring-boot-test\2.3.10.RELEASE\spring-boot-test-2.3.10.RELEASE.jar;E:\apache-maven-3.9.6\mvn_repo\org\springframework\boot\spring-boot-test-autoconfigure\2.3.10.RELEASE\spring-boot-test-autoconfigure-2.3.10.RELEASE.jar;E:\apache-maven-3.9.6\mvn_repo\com\jayway\jsonpath\json-path\2.4.0\json-path-2.4.0.jar;E:\apache-maven-3.9.6\mvn_repo\net\minidev\json-smart\2.3\json-smart-2.3.jar;E:\apache-maven-3.9.6\mvn_repo\net\minidev\accessors-smart\1.2\accessors-smart-1.2.jar;E:\apache-maven-3.9.6\mvn_repo\org\ow2\asm\asm\5.0.4\asm-5.0.4.jar;E:\apache-maven-3.9.6\mvn_repo\org\slf4j\slf4j-api\1.7.30\slf4j-api-1.7.30.jar;E:\apache-maven-3.9.6\mvn_repo\jakarta\xml\bind\jakarta.xml.bind-api\2.3.3\jakarta.xml.bind-api-2.3.3.jar;E:\apache-maven-3.9.6\mvn_repo\jakarta\activation\jakarta.activation-api\1.2.2\jakarta.activation-api-1.2.2.jar;E:\apache-maven-3.9.6\mvn_repo\org\assertj\assertj-core\3.16.1\assertj-core-3.16.1.jar;E:\apache-maven-3.9.6\mvn_repo\org\hamcrest\hamcrest\2.2\hamcrest-2.2.jar;E:\apache-maven-3.9.6\mvn_repo\org\junit\jupiter\junit-jupiter\5.6.3\junit-jupiter-5.6.3.jar;E:\apache-maven-3.9.6\mvn_repo\org\junit\jupiter\junit-jupiter-api\5.6.3\junit-jupiter-api-5.6.3.jar;E:\apache-maven-3.9.6\mvn_repo\org\apiguardian\apiguardian-api\1.1.0\apiguardian-api-1.1.0.jar;E:\apache-maven-3.9.6\mvn_repo\org\opentest4j\opentest4j\1.2.0\opentest4j-1.2.0.jar;E:\apache-maven-3.9.6\mvn_repo\org\junit\platform\junit-platform-commons\1.6.3\junit-platform-commons-1.6.3.jar;E:\apache-maven-3.9.6\mvn_repo\org\junit\jupiter\junit-jupiter-params\5.6.3\junit-jupiter-params-5.6.3.jar;E:\apache-maven-3.9.6\mvn_repo\org\junit\jupiter\junit-jupiter-engine\5.6.3\junit-jupiter-engine-5.6.3.jar;E:\apache-maven-3.9.6\mvn_repo\org\junit\platform\junit-platform-engine\1.6.3\junit-platform-engine-1.6.3.jar;E:\apache-maven-3.9.6\mvn_repo\org\mockito\mockito-core\3.3.3\mockito-core-3.3.3.jar;E:\apache-maven-3.9.6\mvn_repo\net\bytebuddy\byte-buddy\1.10.22\byte-buddy-1.10.22.jar;E:\apache-maven-3.9.6\mvn_repo\net\bytebuddy\byte-buddy-agent\1.10.22\byte-buddy-agent-1.10.22.jar;E:\apache-maven-3.9.6\mvn_repo\org\objenesis\objenesis\2.6\objenesis-2.6.jar;E:\apache-maven-3.9.6\mvn_repo\org\mockito\mockito-junit-jupiter\3.3.3\mockito-junit-jupiter-3.3.3.jar;E:\apache-maven-3.9.6\mvn_repo\org\skyscreamer\jsonassert\1.5.0\jsonassert-1.5.0.jar;E:\apache-maven-3.9.6\mvn_repo\com\vaadin\external\google\android-json\0.0.20131108.vaadin1\android-json-0.0.20131108.vaadin1.jar;E:\apache-maven-3.9.6\mvn_repo\org\springframework\spring-core\5.2.14.RELEASE\spring-core-5.2.14.RELEASE.jar;E:\apache-maven-3.9.6\mvn_repo\org\springframework\spring-jcl\5.2.14.RELEASE\spring-jcl-5.2.14.RELEASE.jar;E:\apache-maven-3.9.6\mvn_repo\org\springframework\spring-test\5.2.14.RELEASE\spring-test-5.2.14.RELEASE.jar;E:\apache-maven-3.9.6\mvn_repo\org\xmlunit\xmlunit-core\2.7.0\xmlunit-core-2.7.0.jar;E:\apache-maven-3.9.6\mvn_repo\com\alibaba\fastjson\1.2.71\fastjson-1.2.71.jar;E:\apache-maven-3.9.6\mvn_repo\org\apache\commons\commons-lang3\3.10\commons-lang3-3.10.jar;E:\apache-maven-3.9.6\mvn_repo\org\elasticsearch\client\elasticsearch-rest-high-level-client\7.12.1\elasticsearch-rest-high-level-client-7.12.1.jar;E:\apache-maven-3.9.6\mvn_repo\org\elasticsearch\elasticsearch\7.12.1\elasticsearch-7.12.1.jar;E:\apache-maven-3.9.6\mvn_repo\org\elasticsearch\elasticsearch-core\7.12.1\elasticsearch-core-7.12.1.jar;E:\apache-maven-3.9.6\mvn_repo\org\elasticsearch\elasticsearch-secure-sm\7.12.1\elasticsearch-secure-sm-7.12.1.jar;E:\apache-maven-3.9.6\mvn_repo\org\elasticsearch\elasticsearch-x-content\7.12.1\elasticsearch-x-content-7.12.1.jar;E:\apache-maven-3.9.6\mvn_repo\com\fasterxml\jackson\dataformat\jackson-dataformat-smile\2.11.4\jackson-dataformat-smile-2.11.4.jar;E:\apache-maven-3.9.6\mvn_repo\com\fasterxml\jackson\dataformat\jackson-dataformat-yaml\2.11.4\jackson-dataformat-yaml-2.11.4.jar;E:\apache-maven-3.9.6\mvn_repo\com\fasterxml\jackson\dataformat\jackson-dataformat-cbor\2.11.4\jackson-dataformat-cbor-2.11.4.jar;E:\apache-maven-3.9.6\mvn_repo\org\elasticsearch\elasticsearch-geo\7.12.1\elasticsearch-geo-7.12.1.jar;E:\apache-maven-3.9.6\mvn_repo\org\apache\lucene\lucene-core\8.8.0\lucene-core-8.8.0.jar;E:\apache-maven-3.9.6\mvn_repo\org\apache\lucene\lucene-analyzers-common\8.8.0\lucene-analyzers-common-8.8.0.jar;E:\apache-maven-3.9.6\mvn_repo\org\apache\lucene\lucene-backward-codecs\8.8.0\lucene-backward-codecs-8.8.0.jar;E:\apache-maven-3.9.6\mvn_repo\org\apache\lucene\lucene-grouping\8.8.0\lucene-grouping-8.8.0.jar;E:\apache-maven-3.9.6\mvn_repo\org\apache\lucene\lucene-highlighter\8.8.0\lucene-highlighter-8.8.0.jar;E:\apache-maven-3.9.6\mvn_repo\org\apache\lucene\lucene-join\8.8.0\lucene-join-8.8.0.jar;E:\apache-maven-3.9.6\mvn_repo\org\apache\lucene\lucene-memory\8.8.0\lucene-memory-8.8.0.jar;E:\apache-maven-3.9.6\mvn_repo\org\apache\lucene\lucene-misc\8.8.0\lucene-misc-8.8.0.jar;E:\apache-maven-3.9.6\mvn_repo\org\apache\lucene\lucene-queries\8.8.0\lucene-queries-8.8.0.jar;E:\apache-maven-3.9.6\mvn_repo\org\apache\lucene\lucene-queryparser\8.8.0\lucene-queryparser-8.8.0.jar;E:\apache-maven-3.9.6\mvn_repo\org\apache\lucene\lucene-sandbox\8.8.0\lucene-sandbox-8.8.0.jar;E:\apache-maven-3.9.6\mvn_repo\org\apache\lucene\lucene-spatial-extras\8.8.0\lucene-spatial-extras-8.8.0.jar;E:\apache-maven-3.9.6\mvn_repo\org\apache\lucene\lucene-spatial3d\8.8.0\lucene-spatial3d-8.8.0.jar;E:\apache-maven-3.9.6\mvn_repo\org\apache\lucene\lucene-suggest\8.8.0\lucene-suggest-8.8.0.jar;E:\apache-maven-3.9.6\mvn_repo\org\elasticsearch\elasticsearch-cli\7.12.1\elasticsearch-cli-7.12.1.jar;E:\apache-maven-3.9.6\mvn_repo\net\sf\jopt-simple\jopt-simple\5.0.2\jopt-simple-5.0.2.jar;E:\apache-maven-3.9.6\mvn_repo\com\carrotsearch\hppc\0.8.1\hppc-0.8.1.jar;E:\apache-maven-3.9.6\mvn_repo\joda-time\joda-time\2.10.4\joda-time-2.10.4.jar;E:\apache-maven-3.9.6\mvn_repo\com\tdunning\t-digest\3.2\t-digest-3.2.jar;E:\apache-maven-3.9.6\mvn_repo\org\hdrhistogram\HdrHistogram\2.1.9\HdrHistogram-2.1.9.jar;E:\apache-maven-3.9.6\mvn_repo\org\apache\logging\log4j\log4j-api\2.13.3\log4j-api-2.13.3.jar;E:\apache-maven-3.9.6\mvn_repo\org\elasticsearch\jna\5.7.0-1\jna-5.7.0-1.jar;E:\apache-maven-3.9.6\mvn_repo\org\elasticsearch\elasticsearch-plugin-classloader\7.12.1\elasticsearch-plugin-classloader-7.12.1.jar;E:\apache-maven-3.9.6\mvn_repo\org\elasticsearch\client\elasticsearch-rest-client\7.12.1\elasticsearch-rest-client-7.12.1.jar;E:\apache-maven-3.9.6\mvn_repo\org\apache\httpcomponents\httpclient\4.5.13\httpclient-4.5.13.jar;E:\apache-maven-3.9.6\mvn_repo\org\apache\httpcomponents\httpcore\4.4.14\httpcore-4.4.14.jar;E:\apache-maven-3.9.6\mvn_repo\org\apache\httpcomponents\httpasyncclient\4.1.4\httpasyncclient-4.1.4.jar;E:\apache-maven-3.9.6\mvn_repo\org\apache\httpcomponents\httpcore-nio\4.4.14\httpcore-nio-4.4.14.jar;E:\apache-maven-3.9.6\mvn_repo\commons-codec\commons-codec\1.14\commons-codec-1.14.jar;E:\apache-maven-3.9.6\mvn_repo\org\elasticsearch\plugin\mapper-extras-client\7.12.1\mapper-extras-client-7.12.1.jar;E:\apache-maven-3.9.6\mvn_repo\org\elasticsearch\plugin\parent-join-client\7.12.1\parent-join-client-7.12.1.jar;E:\apache-maven-3.9.6\mvn_repo\org\elasticsearch\plugin\aggs-matrix-stats-client\7.12.1\aggs-matrix-stats-client-7.12.1.jar;E:\apache-maven-3.9.6\mvn_repo\org\elasticsearch\plugin\rank-eval-client\7.12.1\rank-eval-client-7.12.1.jar;E:\apache-maven-3.9.6\mvn_repo\org\elasticsearch\plugin\lang-mustache-client\7.12.1\lang-mustache-client-7.12.1.jar;E:\apache-maven-3.9.6\mvn_repo\com\github\spullara\mustache\java\compiler\0.9.6\compiler-0.9.6.jar;"/>
    <property name="java.vm.vendor" value="Oracle Corporation"/>
    <property name="sun.arch.data.model" value="64"/>
    <property name="user.variant" value=""/>
    <property name="java.vendor.url" value="https://java.oracle.com/"/>
    <property name="user.timezone" value="Asia/Shanghai"/>
    <property name="os.name" value="Windows 11"/>
    <property name="java.vm.specification.version" value="17"/>
    <property name="sun.java.launcher" value="SUN_STANDARD"/>
    <property name="user.country" value="CN"/>
    <property name="sun.boot.library.path" value="E:\Java\jdk17\bin"/>
    <property name="sun.java.command" value="C:\Users\15226\AppData\Local\Temp\surefire10843862546999523714\surefirebooter4438016270044938527.jar C:\Users\15226\AppData\Local\Temp\surefire10843862546999523714 2024-02-23T16-56-27_519-jvmRun1 surefire370781798705178621tmp surefire_09178425567201342853tmp"/>
    <property name="jdk.debug" value="release"/>
    <property name="surefire.test.class.path" value="E:\springcloud\day05-Elasticsearch01\资料\hotel-demo\target\test-classes;E:\springcloud\day05-Elasticsearch01\资料\hotel-demo\target\classes;E:\apache-maven-3.9.6\mvn_repo\org\springframework\boot\spring-boot-starter-web\2.3.10.RELEASE\spring-boot-starter-web-2.3.10.RELEASE.jar;E:\apache-maven-3.9.6\mvn_repo\org\springframework\boot\spring-boot-starter\2.3.10.RELEASE\spring-boot-starter-2.3.10.RELEASE.jar;E:\apache-maven-3.9.6\mvn_repo\org\springframework\boot\spring-boot\2.3.10.RELEASE\spring-boot-2.3.10.RELEASE.jar;E:\apache-maven-3.9.6\mvn_repo\org\springframework\boot\spring-boot-starter-logging\2.3.10.RELEASE\spring-boot-starter-logging-2.3.10.RELEASE.jar;E:\apache-maven-3.9.6\mvn_repo\ch\qos\logback\logback-classic\1.2.3\logback-classic-1.2.3.jar;E:\apache-maven-3.9.6\mvn_repo\ch\qos\logback\logback-core\1.2.3\logback-core-1.2.3.jar;E:\apache-maven-3.9.6\mvn_repo\org\apache\logging\log4j\log4j-to-slf4j\2.13.3\log4j-to-slf4j-2.13.3.jar;E:\apache-maven-3.9.6\mvn_repo\org\slf4j\jul-to-slf4j\1.7.30\jul-to-slf4j-1.7.30.jar;E:\apache-maven-3.9.6\mvn_repo\jakarta\annotation\jakarta.annotation-api\1.3.5\jakarta.annotation-api-1.3.5.jar;E:\apache-maven-3.9.6\mvn_repo\org\yaml\snakeyaml\1.26\snakeyaml-1.26.jar;E:\apache-maven-3.9.6\mvn_repo\org\springframework\boot\spring-boot-starter-json\2.3.10.RELEASE\spring-boot-starter-json-2.3.10.RELEASE.jar;E:\apache-maven-3.9.6\mvn_repo\com\fasterxml\jackson\core\jackson-databind\2.11.4\jackson-databind-2.11.4.jar;E:\apache-maven-3.9.6\mvn_repo\com\fasterxml\jackson\core\jackson-annotations\2.11.4\jackson-annotations-2.11.4.jar;E:\apache-maven-3.9.6\mvn_repo\com\fasterxml\jackson\core\jackson-core\2.11.4\jackson-core-2.11.4.jar;E:\apache-maven-3.9.6\mvn_repo\com\fasterxml\jackson\datatype\jackson-datatype-jdk8\2.11.4\jackson-datatype-jdk8-2.11.4.jar;E:\apache-maven-3.9.6\mvn_repo\com\fasterxml\jackson\datatype\jackson-datatype-jsr310\2.11.4\jackson-datatype-jsr310-2.11.4.jar;E:\apache-maven-3.9.6\mvn_repo\com\fasterxml\jackson\module\jackson-module-parameter-names\2.11.4\jackson-module-parameter-names-2.11.4.jar;E:\apache-maven-3.9.6\mvn_repo\org\springframework\boot\spring-boot-starter-tomcat\2.3.10.RELEASE\spring-boot-starter-tomcat-2.3.10.RELEASE.jar;E:\apache-maven-3.9.6\mvn_repo\org\apache\tomcat\embed\tomcat-embed-core\9.0.45\tomcat-embed-core-9.0.45.jar;E:\apache-maven-3.9.6\mvn_repo\org\glassfish\jakarta.el\3.0.3\jakarta.el-3.0.3.jar;E:\apache-maven-3.9.6\mvn_repo\org\apache\tomcat\embed\tomcat-embed-websocket\9.0.45\tomcat-embed-websocket-9.0.45.jar;E:\apache-maven-3.9.6\mvn_repo\org\springframework\spring-web\5.2.14.RELEASE\spring-web-5.2.14.RELEASE.jar;E:\apache-maven-3.9.6\mvn_repo\org\springframework\spring-beans\5.2.14.RELEASE\spring-beans-5.2.14.RELEASE.jar;E:\apache-maven-3.9.6\mvn_repo\org\springframework\spring-webmvc\5.2.14.RELEASE\spring-webmvc-5.2.14.RELEASE.jar;E:\apache-maven-3.9.6\mvn_repo\org\springframework\spring-aop\5.2.14.RELEASE\spring-aop-5.2.14.RELEASE.jar;E:\apache-maven-3.9.6\mvn_repo\org\springframework\spring-context\5.2.14.RELEASE\spring-context-5.2.14.RELEASE.jar;E:\apache-maven-3.9.6\mvn_repo\org\springframework\spring-expression\5.2.14.RELEASE\spring-expression-5.2.14.RELEASE.jar;E:\apache-maven-3.9.6\mvn_repo\com\baomidou\mybatis-plus-boot-starter\3.4.2\mybatis-plus-boot-starter-3.4.2.jar;E:\apache-maven-3.9.6\mvn_repo\com\baomidou\mybatis-plus\3.4.2\mybatis-plus-3.4.2.jar;E:\apache-maven-3.9.6\mvn_repo\com\baomidou\mybatis-plus-extension\3.4.2\mybatis-plus-extension-3.4.2.jar;E:\apache-maven-3.9.6\mvn_repo\com\baomidou\mybatis-plus-core\3.4.2\mybatis-plus-core-3.4.2.jar;E:\apache-maven-3.9.6\mvn_repo\com\baomidou\mybatis-plus-annotation\3.4.2\mybatis-plus-annotation-3.4.2.jar;E:\apache-maven-3.9.6\mvn_repo\com\github\jsqlparser\jsqlparser\4.0\jsqlparser-4.0.jar;E:\apache-maven-3.9.6\mvn_repo\org\mybatis\mybatis\3.5.6\mybatis-3.5.6.jar;E:\apache-maven-3.9.6\mvn_repo\org\mybatis\mybatis-spring\2.0.5\mybatis-spring-2.0.5.jar;E:\apache-maven-3.9.6\mvn_repo\org\springframework\boot\spring-boot-autoconfigure\2.3.10.RELEASE\spring-boot-autoconfigure-2.3.10.RELEASE.jar;E:\apache-maven-3.9.6\mvn_repo\org\springframework\boot\spring-boot-starter-jdbc\2.3.10.RELEASE\spring-boot-starter-jdbc-2.3.10.RELEASE.jar;E:\apache-maven-3.9.6\mvn_repo\com\zaxxer\HikariCP\3.4.5\HikariCP-3.4.5.jar;E:\apache-maven-3.9.6\mvn_repo\org\springframework\spring-jdbc\5.2.14.RELEASE\spring-jdbc-5.2.14.RELEASE.jar;E:\apache-maven-3.9.6\mvn_repo\org\springframework\spring-tx\5.2.14.RELEASE\spring-tx-5.2.14.RELEASE.jar;E:\apache-maven-3.9.6\mvn_repo\mysql\mysql-connector-java\8.0.23\mysql-connector-java-8.0.23.jar;E:\apache-maven-3.9.6\mvn_repo\org\projectlombok\lombok\1.18.20\lombok-1.18.20.jar;E:\apache-maven-3.9.6\mvn_repo\org\springframework\boot\spring-boot-starter-test\2.3.10.RELEASE\spring-boot-starter-test-2.3.10.RELEASE.jar;E:\apache-maven-3.9.6\mvn_repo\org\springframework\boot\spring-boot-test\2.3.10.RELEASE\spring-boot-test-2.3.10.RELEASE.jar;E:\apache-maven-3.9.6\mvn_repo\org\springframework\boot\spring-boot-test-autoconfigure\2.3.10.RELEASE\spring-boot-test-autoconfigure-2.3.10.RELEASE.jar;E:\apache-maven-3.9.6\mvn_repo\com\jayway\jsonpath\json-path\2.4.0\json-path-2.4.0.jar;E:\apache-maven-3.9.6\mvn_repo\net\minidev\json-smart\2.3\json-smart-2.3.jar;E:\apache-maven-3.9.6\mvn_repo\net\minidev\accessors-smart\1.2\accessors-smart-1.2.jar;E:\apache-maven-3.9.6\mvn_repo\org\ow2\asm\asm\5.0.4\asm-5.0.4.jar;E:\apache-maven-3.9.6\mvn_repo\org\slf4j\slf4j-api\1.7.30\slf4j-api-1.7.30.jar;E:\apache-maven-3.9.6\mvn_repo\jakarta\xml\bind\jakarta.xml.bind-api\2.3.3\jakarta.xml.bind-api-2.3.3.jar;E:\apache-maven-3.9.6\mvn_repo\jakarta\activation\jakarta.activation-api\1.2.2\jakarta.activation-api-1.2.2.jar;E:\apache-maven-3.9.6\mvn_repo\org\assertj\assertj-core\3.16.1\assertj-core-3.16.1.jar;E:\apache-maven-3.9.6\mvn_repo\org\hamcrest\hamcrest\2.2\hamcrest-2.2.jar;E:\apache-maven-3.9.6\mvn_repo\org\junit\jupiter\junit-jupiter\5.6.3\junit-jupiter-5.6.3.jar;E:\apache-maven-3.9.6\mvn_repo\org\junit\jupiter\junit-jupiter-api\5.6.3\junit-jupiter-api-5.6.3.jar;E:\apache-maven-3.9.6\mvn_repo\org\apiguardian\apiguardian-api\1.1.0\apiguardian-api-1.1.0.jar;E:\apache-maven-3.9.6\mvn_repo\org\opentest4j\opentest4j\1.2.0\opentest4j-1.2.0.jar;E:\apache-maven-3.9.6\mvn_repo\org\junit\platform\junit-platform-commons\1.6.3\junit-platform-commons-1.6.3.jar;E:\apache-maven-3.9.6\mvn_repo\org\junit\jupiter\junit-jupiter-params\5.6.3\junit-jupiter-params-5.6.3.jar;E:\apache-maven-3.9.6\mvn_repo\org\junit\jupiter\junit-jupiter-engine\5.6.3\junit-jupiter-engine-5.6.3.jar;E:\apache-maven-3.9.6\mvn_repo\org\junit\platform\junit-platform-engine\1.6.3\junit-platform-engine-1.6.3.jar;E:\apache-maven-3.9.6\mvn_repo\org\mockito\mockito-core\3.3.3\mockito-core-3.3.3.jar;E:\apache-maven-3.9.6\mvn_repo\net\bytebuddy\byte-buddy\1.10.22\byte-buddy-1.10.22.jar;E:\apache-maven-3.9.6\mvn_repo\net\bytebuddy\byte-buddy-agent\1.10.22\byte-buddy-agent-1.10.22.jar;E:\apache-maven-3.9.6\mvn_repo\org\objenesis\objenesis\2.6\objenesis-2.6.jar;E:\apache-maven-3.9.6\mvn_repo\org\mockito\mockito-junit-jupiter\3.3.3\mockito-junit-jupiter-3.3.3.jar;E:\apache-maven-3.9.6\mvn_repo\org\skyscreamer\jsonassert\1.5.0\jsonassert-1.5.0.jar;E:\apache-maven-3.9.6\mvn_repo\com\vaadin\external\google\android-json\0.0.20131108.vaadin1\android-json-0.0.20131108.vaadin1.jar;E:\apache-maven-3.9.6\mvn_repo\org\springframework\spring-core\5.2.14.RELEASE\spring-core-5.2.14.RELEASE.jar;E:\apache-maven-3.9.6\mvn_repo\org\springframework\spring-jcl\5.2.14.RELEASE\spring-jcl-5.2.14.RELEASE.jar;E:\apache-maven-3.9.6\mvn_repo\org\springframework\spring-test\5.2.14.RELEASE\spring-test-5.2.14.RELEASE.jar;E:\apache-maven-3.9.6\mvn_repo\org\xmlunit\xmlunit-core\2.7.0\xmlunit-core-2.7.0.jar;E:\apache-maven-3.9.6\mvn_repo\com\alibaba\fastjson\1.2.71\fastjson-1.2.71.jar;E:\apache-maven-3.9.6\mvn_repo\org\apache\commons\commons-lang3\3.10\commons-lang3-3.10.jar;E:\apache-maven-3.9.6\mvn_repo\org\elasticsearch\client\elasticsearch-rest-high-level-client\7.12.1\elasticsearch-rest-high-level-client-7.12.1.jar;E:\apache-maven-3.9.6\mvn_repo\org\elasticsearch\elasticsearch\7.12.1\elasticsearch-7.12.1.jar;E:\apache-maven-3.9.6\mvn_repo\org\elasticsearch\elasticsearch-core\7.12.1\elasticsearch-core-7.12.1.jar;E:\apache-maven-3.9.6\mvn_repo\org\elasticsearch\elasticsearch-secure-sm\7.12.1\elasticsearch-secure-sm-7.12.1.jar;E:\apache-maven-3.9.6\mvn_repo\org\elasticsearch\elasticsearch-x-content\7.12.1\elasticsearch-x-content-7.12.1.jar;E:\apache-maven-3.9.6\mvn_repo\com\fasterxml\jackson\dataformat\jackson-dataformat-smile\2.11.4\jackson-dataformat-smile-2.11.4.jar;E:\apache-maven-3.9.6\mvn_repo\com\fasterxml\jackson\dataformat\jackson-dataformat-yaml\2.11.4\jackson-dataformat-yaml-2.11.4.jar;E:\apache-maven-3.9.6\mvn_repo\com\fasterxml\jackson\dataformat\jackson-dataformat-cbor\2.11.4\jackson-dataformat-cbor-2.11.4.jar;E:\apache-maven-3.9.6\mvn_repo\org\elasticsearch\elasticsearch-geo\7.12.1\elasticsearch-geo-7.12.1.jar;E:\apache-maven-3.9.6\mvn_repo\org\apache\lucene\lucene-core\8.8.0\lucene-core-8.8.0.jar;E:\apache-maven-3.9.6\mvn_repo\org\apache\lucene\lucene-analyzers-common\8.8.0\lucene-analyzers-common-8.8.0.jar;E:\apache-maven-3.9.6\mvn_repo\org\apache\lucene\lucene-backward-codecs\8.8.0\lucene-backward-codecs-8.8.0.jar;E:\apache-maven-3.9.6\mvn_repo\org\apache\lucene\lucene-grouping\8.8.0\lucene-grouping-8.8.0.jar;E:\apache-maven-3.9.6\mvn_repo\org\apache\lucene\lucene-highlighter\8.8.0\lucene-highlighter-8.8.0.jar;E:\apache-maven-3.9.6\mvn_repo\org\apache\lucene\lucene-join\8.8.0\lucene-join-8.8.0.jar;E:\apache-maven-3.9.6\mvn_repo\org\apache\lucene\lucene-memory\8.8.0\lucene-memory-8.8.0.jar;E:\apache-maven-3.9.6\mvn_repo\org\apache\lucene\lucene-misc\8.8.0\lucene-misc-8.8.0.jar;E:\apache-maven-3.9.6\mvn_repo\org\apache\lucene\lucene-queries\8.8.0\lucene-queries-8.8.0.jar;E:\apache-maven-3.9.6\mvn_repo\org\apache\lucene\lucene-queryparser\8.8.0\lucene-queryparser-8.8.0.jar;E:\apache-maven-3.9.6\mvn_repo\org\apache\lucene\lucene-sandbox\8.8.0\lucene-sandbox-8.8.0.jar;E:\apache-maven-3.9.6\mvn_repo\org\apache\lucene\lucene-spatial-extras\8.8.0\lucene-spatial-extras-8.8.0.jar;E:\apache-maven-3.9.6\mvn_repo\org\apache\lucene\lucene-spatial3d\8.8.0\lucene-spatial3d-8.8.0.jar;E:\apache-maven-3.9.6\mvn_repo\org\apache\lucene\lucene-suggest\8.8.0\lucene-suggest-8.8.0.jar;E:\apache-maven-3.9.6\mvn_repo\org\elasticsearch\elasticsearch-cli\7.12.1\elasticsearch-cli-7.12.1.jar;E:\apache-maven-3.9.6\mvn_repo\net\sf\jopt-simple\jopt-simple\5.0.2\jopt-simple-5.0.2.jar;E:\apache-maven-3.9.6\mvn_repo\com\carrotsearch\hppc\0.8.1\hppc-0.8.1.jar;E:\apache-maven-3.9.6\mvn_repo\joda-time\joda-time\2.10.4\joda-time-2.10.4.jar;E:\apache-maven-3.9.6\mvn_repo\com\tdunning\t-digest\3.2\t-digest-3.2.jar;E:\apache-maven-3.9.6\mvn_repo\org\hdrhistogram\HdrHistogram\2.1.9\HdrHistogram-2.1.9.jar;E:\apache-maven-3.9.6\mvn_repo\org\apache\logging\log4j\log4j-api\2.13.3\log4j-api-2.13.3.jar;E:\apache-maven-3.9.6\mvn_repo\org\elasticsearch\jna\5.7.0-1\jna-5.7.0-1.jar;E:\apache-maven-3.9.6\mvn_repo\org\elasticsearch\elasticsearch-plugin-classloader\7.12.1\elasticsearch-plugin-classloader-7.12.1.jar;E:\apache-maven-3.9.6\mvn_repo\org\elasticsearch\client\elasticsearch-rest-client\7.12.1\elasticsearch-rest-client-7.12.1.jar;E:\apache-maven-3.9.6\mvn_repo\org\apache\httpcomponents\httpclient\4.5.13\httpclient-4.5.13.jar;E:\apache-maven-3.9.6\mvn_repo\org\apache\httpcomponents\httpcore\4.4.14\httpcore-4.4.14.jar;E:\apache-maven-3.9.6\mvn_repo\org\apache\httpcomponents\httpasyncclient\4.1.4\httpasyncclient-4.1.4.jar;E:\apache-maven-3.9.6\mvn_repo\org\apache\httpcomponents\httpcore-nio\4.4.14\httpcore-nio-4.4.14.jar;E:\apache-maven-3.9.6\mvn_repo\commons-codec\commons-codec\1.14\commons-codec-1.14.jar;E:\apache-maven-3.9.6\mvn_repo\org\elasticsearch\plugin\mapper-extras-client\7.12.1\mapper-extras-client-7.12.1.jar;E:\apache-maven-3.9.6\mvn_repo\org\elasticsearch\plugin\parent-join-client\7.12.1\parent-join-client-7.12.1.jar;E:\apache-maven-3.9.6\mvn_repo\org\elasticsearch\plugin\aggs-matrix-stats-client\7.12.1\aggs-matrix-stats-client-7.12.1.jar;E:\apache-maven-3.9.6\mvn_repo\org\elasticsearch\plugin\rank-eval-client\7.12.1\rank-eval-client-7.12.1.jar;E:\apache-maven-3.9.6\mvn_repo\org\elasticsearch\plugin\lang-mustache-client\7.12.1\lang-mustache-client-7.12.1.jar;E:\apache-maven-3.9.6\mvn_repo\com\github\spullara\mustache\java\compiler\0.9.6\compiler-0.9.6.jar;"/>
    <property name="sun.cpu.endian" value="little"/>
    <property name="user.home" value="C:\Users\15226"/>
    <property name="user.language" value="zh"/>
    <property name="java.specification.vendor" value="Oracle Corporation"/>
    <property name="java.version.date" value="2023-10-17"/>
    <property name="java.home" value="E:\Java\jdk17"/>
    <property name="file.separator" value="\"/>
    <property name="basedir" value="E:\springcloud\day05-Elasticsearch01\资料\hotel-demo"/>
    <property name="java.vm.compressedOopsMode" value="Zero based"/>
    <property name="line.separator" value="&#10;"/>
    <property name="java.vm.specification.vendor" value="Oracle Corporation"/>
    <property name="java.specification.name" value="Java Platform API Specification"/>
    <property name="surefire.real.class.path" value="C:\Users\15226\AppData\Local\Temp\surefire10843862546999523714\surefirebooter4438016270044938527.jar"/>
    <property name="user.script" value=""/>
    <property name="sun.management.compiler" value="HotSpot 64-Bit Tiered Compilers"/>
    <property name="java.runtime.version" value="17.0.9+11-LTS-201"/>
    <property name="user.name" value="15226"/>
    <property name="path.separator" value=";"/>
    <property name="os.version" value="10.0"/>
    <property name="java.runtime.name" value="Java(TM) SE Runtime Environment"/>
    <property name="file.encoding" value="GBK"/>
    <property name="java.vm.name" value="Java HotSpot(TM) 64-Bit Server VM"/>
    <property name="localRepository" value="E:\apache-maven-3.9.6\mvn_repo"/>
    <property name="java.vendor.url.bug" value="https://bugreport.java.com/bugreport/"/>
    <property name="java.io.tmpdir" value="C:\Users\15226\AppData\Local\Temp\"/>
    <property name="idea.version" value="2023.2.5"/>
    <property name="java.version" value="17.0.9"/>
    <property name="user.dir" value="E:\springcloud\day05-Elasticsearch01\资料\hotel-demo"/>
    <property name="os.arch" value="amd64"/>
    <property name="java.vm.specification.name" value="Java Virtual Machine Specification"/>
    <property name="sun.os.patch.level" value=""/>
    <property name="native.encoding" value="GBK"/>
    <property name="java.library.path" value="E:\Java\jdk17\bin;C:\WINDOWS\Sun\Java\bin;C:\WINDOWS\system32;C:\WINDOWS;D:\VMware17\bin\;C:\WINDOWS\system32;C:\Program Files\NVIDIA GPU Computing Toolkit\CUDA\v10.1\bin;C:\Program Files\NVIDIA GPU Computing Toolkit\CUDA\v10.1\libnvvp;C:\WINDOWS;C:\WINDOWS\System32\Wbem;C:\WINDOWS\System32\WindowsPowerShell\v1.0\;C:\WINDOWS\System32\OpenSSH\;C:\Program Files\dotnet\;C:\Program Files (x86)\NVIDIA Corporation\PhysX\Common;D:\Windows Kits\10\Windows Performance Toolkit\;D:\Anaconda;D:\Anaconda\Scripts;D:\Anaconda\Library\bin;D:\Anaconda\Library\mingw-w64\bin;D:\MATLAB\bin;D:\Go\bin;D:\Microsoft VS Code\bin;D:\Git\cmd;D:\Git\bin;C:\Program Files\MySQL\MySQL Server 8.2\bin;C:\Program Files\NVIDIA Corporation\Nsight Compute 2019.1\;D:\MongoDB\Server\7.0\bin;D:\mongosh;E:\java\jdk17\bin;D:\ffmpeg\bin;E:\apache-maven-3.9.6\bin;E:\nodejs\;D:\微信web开发者工具\dll;C:\Users\15226\AppData\Local\Microsoft\WindowsApps;;D:\PyCharm 2023.2.1\bin;;D:\Microsoft VS Code\bin;D:\GoLand 2023.2.3\bin;;C:\Users\15226\go\bin;D:\mongosh\;C:\Users\15226\AppData\Roaming\npm;D:\cpolar\;."/>
    <property name="java.vm.info" value="mixed mode, sharing"/>
    <property name="java.vendor" value="Oracle Corporation"/>
    <property name="java.vm.version" value="17.0.9+11-LTS-201"/>
    <property name="sun.io.unicode.encoding" value="UnicodeLittle"/>
    <property name="java.class.version" value="61.0"/>
  </properties>
  <testcase name="contextLoads" classname="cn.itcast.hotel.HotelDemoApplicationTests" time="0.421"/>
</testsuite>